  admin.cpp
  graphics_utils.cpp
C:\Users\ljx20\Desktop\version 1.0\version 1.0\admin.cpp(1,1): warning C4819: 该文件包含不能在当前代码页(936)中表示的字符。请将该文件保存为 Unicode 格式以防止数据丢失
C:\Users\ljx20\Desktop\version 1.0\version 1.0\admin.h(1,1): warning C4819: 该文件包含不能在当前代码页(936)中表示的字符。请将该文件保存为 Unicode 格式以防止数据丢失
  (编译源文件“admin.cpp”)
  
C:\Users\ljx20\Desktop\version 1.0\version 1.0\admin.cpp(28,12): error C4996: '_wfopen': This function or variable may be unsafe. Consider using _wfopen_s instead. To disable deprecation, use _CRT_SECURE_NO_WARNINGS. See online help for details.
C:\Users\ljx20\Desktop\version 1.0\version 1.0\graphics_utils.cpp(1,1): warning C4819: 该文件包含不能在当前代码页(936)中表示的字符。请将该文件保存为 Unicode 格式以防止数据丢失
C:\Users\ljx20\Desktop\version 1.0\version 1.0\graphics_utils.h(1,1): warning C4819: 该文件包含不能在当前代码页(936)中表示的字符。请将该文件保存为 Unicode 格式以防止数据丢失
  (编译源文件“graphics_utils.cpp”)
  
  main.cpp
C:\Users\ljx20\Desktop\version 1.0\version 1.0\student.h(1,1): warning C4819: 该文件包含不能在当前代码页(936)中表示的字符。请将该文件保存为 Unicode 格式以防止数据丢失
  (编译源文件“main.cpp”)
  
C:\Users\ljx20\Desktop\version 1.0\version 1.0\admin.h(1,1): warning C4819: 该文件包含不能在当前代码页(936)中表示的字符。请将该文件保存为 Unicode 格式以防止数据丢失
  (编译源文件“main.cpp”)
  
C:\Users\ljx20\Desktop\version 1.0\version 1.0\graphics_utils.h(1,1): warning C4819: 该文件包含不能在当前代码页(936)中表示的字符。请将该文件保存为 Unicode 格式以防止数据丢失
  (编译源文件“main.cpp”)
  
  student.cpp
C:\Users\ljx20\Desktop\version 1.0\version 1.0\student.cpp(1,1): warning C4819: 该文件包含不能在当前代码页(936)中表示的字符。请将该文件保存为 Unicode 格式以防止数据丢失
C:\Users\ljx20\Desktop\version 1.0\version 1.0\student.h(1,1): warning C4819: 该文件包含不能在当前代码页(936)中表示的字符。请将该文件保存为 Unicode 格式以防止数据丢失
  (编译源文件“student.cpp”)
  
  ui.cpp
C:\Users\ljx20\Desktop\version 1.0\version 1.0\ui.cpp(1,1): warning C4819: 该文件包含不能在当前代码页(936)中表示的字符。请将该文件保存为 Unicode 格式以防止数据丢失
C:\Users\ljx20\Desktop\version 1.0\version 1.0\student.h(1,1): warning C4819: 该文件包含不能在当前代码页(936)中表示的字符。请将该文件保存为 Unicode 格式以防止数据丢失
  (编译源文件“ui.cpp”)
  
C:\Users\ljx20\Desktop\version 1.0\version 1.0\admin.h(1,1): warning C4819: 该文件包含不能在当前代码页(936)中表示的字符。请将该文件保存为 Unicode 格式以防止数据丢失
  (编译源文件“ui.cpp”)
  
C:\Users\ljx20\Desktop\version 1.0\version 1.0\graphics_utils.h(1,1): warning C4819: 该文件包含不能在当前代码页(936)中表示的字符。请将该文件保存为 Unicode 格式以防止数据丢失
  (编译源文件“ui.cpp”)
  
C:\Users\ljx20\Desktop\version 1.0\version 1.0\ui.cpp(104,24): error C2001: 常量中有换行符
C:\Users\ljx20\Desktop\version 1.0\version 1.0\ui.cpp(198,1): error C2001: 常量中有换行符
C:\Users\ljx20\Desktop\version 1.0\version 1.0\ui.cpp(465,1): error C2001: 常量中有换行符
C:\Users\ljx20\Desktop\version 1.0\version 1.0\ui.cpp(479,1): error C2001: 常量中有换行符
C:\Users\ljx20\Desktop\version 1.0\version 1.0\ui.cpp(522,1): error C2001: 常量中有换行符
C:\Users\ljx20\Desktop\version 1.0\version 1.0\ui.cpp(583,1): error C2001: 常量中有换行符
C:\Users\ljx20\Desktop\version 1.0\version 1.0\ui.cpp(766,1): error C2001: 常量中有换行符
C:\Users\ljx20\Desktop\version 1.0\version 1.0\ui.cpp(776,1): error C2001: 常量中有换行符
C:\Users\ljx20\Desktop\version 1.0\version 1.0\ui.cpp(779,1): error C2001: 常量中有换行符
C:\Users\ljx20\Desktop\version 1.0\version 1.0\ui.cpp(789,1): warning C4819: 该文件包含不能在当前代码页(936)中表示的字符。请将该文件保存为 Unicode 格式以防止数据丢失
C:\Users\ljx20\Desktop\version 1.0\version 1.0\ui.cpp(819,1): error C2001: 常量中有换行符
C:\Users\ljx20\Desktop\version 1.0\version 1.0\ui.cpp(837,1): error C2001: 常量中有换行符
C:\Users\ljx20\Desktop\version 1.0\version 1.0\ui.cpp(905,1): error C2001: 常量中有换行符
C:\Users\ljx20\Desktop\version 1.0\version 1.0\ui.cpp(1101,1): error C2001: 常量中有换行符
C:\Users\ljx20\Desktop\version 1.0\version 1.0\ui.cpp(1128,1): error C2001: 常量中有换行符
C:\Users\ljx20\Desktop\version 1.0\version 1.0\ui.cpp(104,1): error C1057: 宏扩展中遇到意外的文件结束
  正在生成代码...
